<?xml version="1.0" encoding="UTF-8"?>
<!-- Generated by org.testng.reporters.JUnitReportReporter -->
<testsuite hostname="MacBook-Air-von-Sandeep.local" failures="0" tests="1" name="amazon_package.Amazon_Project.Testcase1_Login_wishlist_cart_logout" time="49.385" errors="0" timestamp="2025-01-25T15:18:30 CET" skipped="0">
  <testcase classname="amazon_package.Amazon_Project.Testcase1_Login_wishlist_cart_logout" name="Login_wishlist_cart_logout" time="49.385"/>
  <system-out/>
</testsuite> <!-- amazon_package.Amazon_Project.Testcase1_Login_wishlist_cart_logout -->
